  Camera_Dynamic.cpp
  코드를 생성하고 있습니다...
  컴파일하고 있습니다...
  Client.cpp
  Loader.cpp
  Level_Logo.cpp
  BackGround.cpp
  UI.cpp
c:\users\dev.bae\desktop\teampo6\sr_team_project\client\private\ui.cpp(28): warning C4244: '인수': 'const unsigned int'에서 'FLOAT'(으)로 변환하면서 데이터가 손실될 수 있습니다.
c:\users\dev.bae\desktop\teampo6\sr_team_project\client\private\ui.cpp(49): warning C4244: '인수': 'Engine::_float'에서 'int'(으)로 변환하면서 데이터가 손실될 수 있습니다.
  Terrain.cpp
  Sky.cpp
  Player.cpp
  Monster.cpp
c:\users\dev.bae\desktop\teampo6\sr_team_project\client\private\monster.cpp(28): warning C4244: '인수': 'const unsigned int'에서 'FLOAT'(으)로 변환하면서 데이터가 손실될 수 있습니다.
c:\users\dev.bae\desktop\teampo6\sr_team_project\client\private\monster.cpp(49): warning C4244: '인수': 'Engine::_float'에서 'int'(으)로 변환하면서 데이터가 손실될 수 있습니다.
  MainApp.cpp
  Level_Loading.cpp
  Level_GamePlay.cpp
  코드를 생성하고 있습니다...
  Client.vcxproj -> C:\Users\Dev.Bae\Desktop\TeamPo6\sr_team_Project\Client\Default\..\Bin\Client.exe
  Client.vcxproj -> ..\Bin\Client.pdb (Full PDB)
