  Base.cpp
  코드를 생성하고 있습니다...
  건너뛰고 있습니다... (관련된 변경 내용 없음)
  VIBuffer_Rect.cpp
  VIBuffer.cpp
  Transform.cpp
  Timer_Manager.cpp
  Texture.cpp
  Renderer.cpp
  Object_Manager.cpp
  Level_Manager.cpp
  Level.cpp
  Layer.cpp
  GameObject.cpp
  GameInstance.cpp
  Component.cpp
  Camera.cpp
  VIBuffer_Terrain.cpp
  VIBuffer_Cube.cpp
  Timer.cpp
  Input_Device.cpp
  Graphic_Device.cpp
  Component_Manager.cpp
  Engine.vcxproj -> C:\Users\Dev.Bae\Desktop\TeamPo6\sr_team_Project\Engine\Default\..\Bin\Engine.dll
  Engine.vcxproj -> ..\Bin\Engine.pdb (Full PDB)
